<?xml version="1.0" encoding="UTF-8"?>
<!-- Generated by org.testng.reporters.JUnitReportReporter -->
<testsuite hostname="pc-PC" failures="0" tests="1" name="com.testautomation.TestRunner.TestRunner" time="29.233" errors="0" timestamp="17 mars 2022 19:17:46 GMT" skipped="0">
  <testcase classname="com.testautomation.TestRunner.TestRunner" name="feature" time="29.233"/>
</testsuite> <!-- com.testautomation.TestRunner.TestRunner -->
